0 info it worked if it ends with ok
1 verbose cli [ '/usr/local/bin/node', '/usr/local/bin/npm', 'run', 'start' ]
2 info using npm@3.5.3
3 info using node@v4.2.4
4 verbose run-script [ 'prestart', 'start', 'poststart' ]
5 info lifecycle rc-start-sam-viewer@1.0.0~prestart: rc-start-sam-viewer@1.0.0
6 silly lifecycle rc-start-sam-viewer@1.0.0~prestart: no script for prestart, continuing
7 info lifecycle rc-start-sam-viewer@1.0.0~start: rc-start-sam-viewer@1.0.0
8 verbose lifecycle rc-start-sam-viewer@1.0.0~start: unsafe-perm in lifecycle true
9 verbose lifecycle rc-start-sam-viewer@1.0.0~start: PATH: /usr/local/lib/node_modules/npm/bin/node-gyp-bin:/Users/tonywang/Programming/RC-Start-SAM-viewer/node_modules/.bin:/opt/local/bin:/opt/local/sbin:/Users/tonywang/.rvm/gems/ruby-2.2.1/bin:/Users/tonywang/.rvm/gems/ruby-2.2.1@global/bin:/Users/tonywang/.rvm/rubies/ruby-2.2.1/bin:/usr/bin:/bin:/usr/sbin:/sbin:/usr/local/bin:/Users/tonywang/bin:/Users/tonywang/bin:/Applications/Postgres.app/Contents/Versions/9.4/bin:/Users/tonywang/.rvm/bin:/Users/tonywang/.rvm/bin
10 verbose lifecycle rc-start-sam-viewer@1.0.0~start: CWD: /Users/tonywang/Programming/RC-Start-SAM-viewer
11 silly lifecycle rc-start-sam-viewer@1.0.0~start: Args: [ '-c', 'node server.js' ]
12 silly lifecycle rc-start-sam-viewer@1.0.0~start: Returned: code: 1  signal: null
13 info lifecycle rc-start-sam-viewer@1.0.0~start: Failed to exec start script
14 verbose stack Error: rc-start-sam-viewer@1.0.0 start: `node server.js`
14 verbose stack Exit status 1
14 verbose stack     at EventEmitter.<anonymous> (/usr/local/lib/node_modules/npm/lib/utils/lifecycle.js:232:16)
14 verbose stack     at emitTwo (events.js:87:13)
14 verbose stack     at EventEmitter.emit (events.js:172:7)
14 verbose stack     at ChildProcess.<anonymous> (/usr/local/lib/node_modules/npm/lib/utils/spawn.js:24:14)
14 verbose stack     at emitTwo (events.js:87:13)
14 verbose stack     at ChildProcess.emit (events.js:172:7)
14 verbose stack     at maybeClose (internal/child_process.js:818:16)
14 verbose stack     at Process.ChildProcess._handle.onexit (internal/child_process.js:211:5)
15 verbose pkgid rc-start-sam-viewer@1.0.0
16 verbose cwd /Users/tonywang/Programming/RC-Start-SAM-viewer
17 error Darwin 15.0.0
18 error argv "/usr/local/bin/node" "/usr/local/bin/npm" "run" "start"
19 error node v4.2.4
20 error npm  v3.5.3
21 error code ELIFECYCLE
22 error rc-start-sam-viewer@1.0.0 start: `node server.js`
22 error Exit status 1
23 error Failed at the rc-start-sam-viewer@1.0.0 start script 'node server.js'.
23 error Make sure you have the latest version of node.js and npm installed.
23 error If you do, this is most likely a problem with the rc-start-sam-viewer package,
23 error not with npm itself.
23 error Tell the author that this fails on your system:
23 error     node server.js
23 error You can get information on how to open an issue for this project with:
23 error     npm bugs rc-start-sam-viewer
23 error Or if that isn't available, you can get their info via:
23 error     npm owner ls rc-start-sam-viewer
23 error There is likely additional logging output above.
24 verbose exit [ 1, true ]
